   1               		.file	"interrupts.c"
   2               		.arch atmega16
   3               	__SREG__ = 0x3f
   4               	__SP_H__ = 0x3e
   5               	__SP_L__ = 0x3d
   6               	__tmp_reg__ = 0
   7               	__zero_reg__ = 1
   8               		.global __do_copy_data
   9               		.global __do_clear_bss
  17               	.Ltext0:
  18               	.global	errflag
  19               	.global	errflag
  20               		.section .bss
  23               	errflag:
  24 0000 00        		.skip 1,0
  25               	.global	old_encoder_value
  26               		.data
  29               	old_encoder_value:
  30 0000 0300      		.word	3
  31               	.global	encoder_value
  32               	.global	encoder_value
  33               		.section .bss
  36               	encoder_value:
  37 0001 0000      		.skip 2,0
  38               		.text
  39               	.global	InitTimer
  41               	InitTimer:
  42               	.LFB6:
  43               	.LM1:
  44               	/* prologue: frame size=0 */
  45               	/* prologue end (size=0) */
  46               	.LM2:
  47 0000 81E0      		ldi r24,lo8(1)
  48 0002 83BF      		out 83-0x20,r24
  49               	.LM3:
  50 0004 89BF      		out 89-0x20,r24
  51               	/* epilogue: frame size=0 */
  52 0006 0895      		ret
  53               	/* epilogue end (size=1) */
  54               	/* function InitTimer size 4 (3) */
  55               	.LFE6:
  57               		.lcomm ledbit.0,2
  58               		.lcomm ledtimer.1,2
  59               	.global	__vector_9
  61               	__vector_9:
  62               	.LFB7:
  63               	.LM4:
  64               	/* prologue: frame size=0 */
  65 0008 1F92      		push __zero_reg__
  66 000a 0F92      		push __tmp_reg__
  67 000c 0FB6      		in __tmp_reg__,__SREG__
  68 000e 0F92      		push __tmp_reg__
  69 0010 1124      		clr __zero_reg__
  70 0012 2F93      		push r18
  71 0014 3F93      		push r19
  72 0016 8F93      		push r24
  73 0018 9F93      		push r25
  74 001a AF93      		push r26
  75 001c BF93      		push r27
  76 001e EF93      		push r30
  77 0020 FF93      		push r31
  78               	/* prologue end (size=13) */
  79               	.LM5:
  80 0022 8091 0000 		lds r24,timerticks
  81 0026 9091 0000 		lds r25,(timerticks)+1
  82 002a A091 0000 		lds r26,(timerticks)+2
  83 002e B091 0000 		lds r27,(timerticks)+3
  84 0032 0196      		adiw r24,1
  85 0034 A11D      		adc r26,__zero_reg__
  86 0036 B11D      		adc r27,__zero_reg__
  87 0038 8093 0000 		sts timerticks,r24
  88 003c 9093 0000 		sts (timerticks)+1,r25
  89 0040 A093 0000 		sts (timerticks)+2,r26
  90 0044 B093 0000 		sts (timerticks)+3,r27
  91               	.LM6:
  92 0048 2091 0000 		lds r18,ledtimer.1
  93 004c 3091 0000 		lds r19,(ledtimer.1)+1
  94 0050 2115      		cp r18,__zero_reg__
  95 0052 3105      		cpc r19,__zero_reg__
  96 0054 09F0      		breq .+2
  97 0056 F3C0      		rjmp .L3
  98               	.LM7:
  99 0058 8091 0000 		lds r24,ledbit.0
 100 005c 9091 0000 		lds r25,(ledbit.0)+1
 101 0060 0196      		adiw r24,1
 102 0062 9093 0000 		sts (ledbit.0)+1,r25
 103 0066 8093 0000 		sts ledbit.0,r24
 104               	.LM8:
 105 006a 0B97      		sbiw r24,11
 106 006c 20F0      		brlo .L4
 107 006e 3093 0000 		sts (ledbit.0)+1,r19
 108 0072 2093 0000 		sts ledbit.0,r18
 109               	.L4:
 110               	.LM9:
 111 0076 8091 0000 		lds r24,ledbit.0
 112 007a 9091 0000 		lds r25,(ledbit.0)+1
 113 007e 8630      		cpi r24,6
 114 0080 9105      		cpc r25,__zero_reg__
 115 0082 09F4      		brne .+2
 116 0084 85C0      		rjmp .L33
 117 0086 8730      		cpi r24,7
 118 0088 9105      		cpc r25,__zero_reg__
 119 008a A0F4      		brsh .L40
 120 008c 8230      		cpi r24,2
 121 008e 9105      		cpc r25,__zero_reg__
 122 0090 09F4      		brne .+2
 123 0092 42C0      		rjmp .L22
 124 0094 8330      		cpi r24,3
 125 0096 9105      		cpc r25,__zero_reg__
 126 0098 28F4      		brsh .L41
 127 009a 0097      		sbiw r24,0
 128 009c 31F1      		breq .L6
 129 009e 0197      		sbiw r24,1
 130 00a0 71F1      		breq .L14
 131 00a2 CDC0      		rjmp .L3
 132               	.L41:
 133 00a4 8430      		cpi r24,4
 134 00a6 9105      		cpc r25,__zero_reg__
 135 00a8 09F4      		brne .+2
 136 00aa 5AC0      		rjmp .L31
 137 00ac 0597      		sbiw r24,5
 138 00ae 08F0      		brlo .+2
 139 00b0 63C0      		rjmp .L32
 140 00b2 40C0      		rjmp .L30
 141               	.L40:
 142 00b4 8930      		cpi r24,9
 143 00b6 9105      		cpc r25,__zero_reg__
 144 00b8 09F4      		brne .+2
 145 00ba 8EC0      		rjmp .L36
 146 00bc 8A30      		cpi r24,10
 147 00be 9105      		cpc r25,__zero_reg__
 148 00c0 40F4      		brsh .L42
 149 00c2 8730      		cpi r24,7
 150 00c4 9105      		cpc r25,__zero_reg__
 151 00c6 09F4      		brne .+2
 152 00c8 6FC0      		rjmp .L34
 153 00ca 0897      		sbiw r24,8
 154 00cc 09F4      		brne .+2
 155 00ce 78C0      		rjmp .L35
 156 00d0 B6C0      		rjmp .L3
 157               	.L42:
 158 00d2 8B30      		cpi r24,11
 159 00d4 9105      		cpc r25,__zero_reg__
 160 00d6 09F4      		brne .+2
 161 00d8 97C0      		rjmp .L38
 162 00da 8B30      		cpi r24,11
 163 00dc 9105      		cpc r25,__zero_reg__
 164 00de 08F4      		brsh .+2
 165 00e0 87C0      		rjmp .L37
 166 00e2 0C97      		sbiw r24,12
 167 00e4 09F4      		brne .+2
 168 00e6 9CC0      		rjmp .L39
 169 00e8 AAC0      		rjmp .L3
 170               	.L6:
 171               	.LM10:
 172 00ea 8091 0000 		lds r24,leds
 173 00ee 8BBB      		out 59-0x20,r24
 174 00f0 8091 0000 		lds r24,leds+11
 175 00f4 85BB      		out 53-0x20,r24
 176 00f6 8091 0000 		lds r24,leds+22
 177 00fa 88BB      		out 56-0x20,r24
 178               	.LBB2:
 179               	.LM11:
 180               	/* #APP */
 181 00fc 0000      		nop
 182               		
 183               	/* #NOAPP */
 184               	.L14:
 185               	.LBE2:
 186               	.LM12:
 187 00fe 8091 0000 		lds r24,leds+1
 188 0102 8BBB      		out 59-0x20,r24
 189 0104 8091 0000 		lds r24,leds+12
 190 0108 85BB      		out 53-0x20,r24
 191 010a 8091 0000 		lds r24,leds+23
 192 010e 88BB      		out 56-0x20,r24
 193               	.LBB3:
 194               	.LM13:
 195               	/* #APP */
 196 0110 0000      		nop
 197               		
 198 0112 0000      		nop
 199               		
 200 0114 0000      		nop
 201               		
 202 0116 0000      		nop
 203               		
 204               	/* #NOAPP */
 205               	.L22:
 206               	.LBE3:
 207               	.LM14:
 208 0118 8091 0000 		lds r24,leds+2
 209 011c 8BBB      		out 59-0x20,r24
 210 011e 8091 0000 		lds r24,leds+13
 211 0122 85BB      		out 53-0x20,r24
 212 0124 8091 0000 		lds r24,leds+24
 213 0128 88BB      		out 56-0x20,r24
 214 012a 8BE0      		ldi r24,lo8(11)
 215               	.L26:
 216               	.LBB4:
 217               	.LM15:
 218               	/* #APP */
 219 012c 0000      		nop
 220               		
 221               	/* #NOAPP */
 222 012e 8150      		subi r24,lo8(-(-1))
 223 0130 87FF      		sbrs r24,7
 224 0132 FCCF      		rjmp .L26
 225               	.L30:
 226               	.LBE4:
 227               	.LM16:
 228 0134 8091 0000 		lds r24,leds+3
 229 0138 8BBB      		out 59-0x20,r24
 230 013a 8091 0000 		lds r24,leds+14
 231 013e 85BB      		out 53-0x20,r24
 232 0140 8091 0000 		lds r24,leds+25
 233 0144 88BB      		out 56-0x20,r24
 234               	.LM17:
 235 0146 81E0      		ldi r24,lo8(1)
 236 0148 90E0      		ldi r25,hi8(1)
 237 014a 9093 0000 		sts (ledtimer.1)+1,r25
 238 014e 8093 0000 		sts ledtimer.1,r24
 239               	.LM18:
 240 0152 83E0      		ldi r24,lo8(3)
 241 0154 90E0      		ldi r25,hi8(3)
 242 0156 9093 0000 		sts (ledbit.0)+1,r25
 243 015a 8093 0000 		sts ledbit.0,r24
 244               	.LM19:
 245 015e 6FC0      		rjmp .L3
 246               	.L31:
 247               	.LM20:
 248 0160 8091 0000 		lds r24,leds+4
 249 0164 8BBB      		out 59-0x20,r24
 250 0166 8091 0000 		lds r24,leds+15
 251 016a 85BB      		out 53-0x20,r24
 252 016c 8091 0000 		lds r24,leds+26
 253 0170 88BB      		out 56-0x20,r24
 254               	.LM21:
 255 0172 82E0      		ldi r24,lo8(2)
 256 0174 90E0      		ldi r25,hi8(2)
 257 0176 5FC0      		rjmp .L57
 258               	.L32:
 259               	.LM22:
 260 0178 8091 0000 		lds r24,leds+5
 261 017c 8BBB      		out 59-0x20,r24
 262 017e 8091 0000 		lds r24,leds+16
 263 0182 85BB      		out 53-0x20,r24
 264 0184 8091 0000 		lds r24,leds+27
 265 0188 88BB      		out 56-0x20,r24
 266               	.LM23:
 267 018a 84E0      		ldi r24,lo8(4)
 268 018c 90E0      		ldi r25,hi8(4)
 269 018e 53C0      		rjmp .L57
 270               	.L33:
 271               	.LM24:
 272 0190 8091 0000 		lds r24,leds+6
 273 0194 8BBB      		out 59-0x20,r24
 274 0196 8091 0000 		lds r24,leds+17
 275 019a 85BB      		out 53-0x20,r24
 276 019c 8091 0000 		lds r24,leds+28
 277 01a0 88BB      		out 56-0x20,r24
 278               	.LM25:
 279 01a2 88E0      		ldi r24,lo8(8)
 280 01a4 90E0      		ldi r25,hi8(8)
 281 01a6 47C0      		rjmp .L57
 282               	.L34:
 283               	.LM26:
 284 01a8 8091 0000 		lds r24,leds+7
 285 01ac 8BBB      		out 59-0x20,r24
 286 01ae 8091 0000 		lds r24,leds+18
 287 01b2 85BB      		out 53-0x20,r24
 288 01b4 8091 0000 		lds r24,leds+29
 289 01b8 88BB      		out 56-0x20,r24
 290               	.LM27:
 291 01ba 80E1      		ldi r24,lo8(16)
 292 01bc 90E0      		ldi r25,hi8(16)
 293 01be 3BC0      		rjmp .L57
 294               	.L35:
 295               	.LM28:
 296 01c0 8091 0000 		lds r24,leds+8
 297 01c4 8BBB      		out 59-0x20,r24
 298 01c6 8091 0000 		lds r24,leds+19
 299 01ca 85BB      		out 53-0x20,r24
 300 01cc 8091 0000 		lds r24,leds+30
 301 01d0 88BB      		out 56-0x20,r24
 302               	.LM29:
 303 01d2 80E2      		ldi r24,lo8(32)
 304 01d4 90E0      		ldi r25,hi8(32)
 305 01d6 2FC0      		rjmp .L57
 306               	.L36:
 307               	.LM30:
 308 01d8 8091 0000 		lds r24,leds+9
 309 01dc 8BBB      		out 59-0x20,r24
 310 01de 8091 0000 		lds r24,leds+20
 311 01e2 85BB      		out 53-0x20,r24
 312 01e4 8091 0000 		lds r24,leds+31
 313 01e8 88BB      		out 56-0x20,r24
 314               	.LM31:
 315 01ea 80E4      		ldi r24,lo8(64)
 316 01ec 90E0      		ldi r25,hi8(64)
 317 01ee 23C0      		rjmp .L57
 318               	.L37:
 319               	.LM32:
 320 01f0 8091 0000 		lds r24,leds+10
 321 01f4 8BBB      		out 59-0x20,r24
 322 01f6 8091 0000 		lds r24,leds+21
 323 01fa 85BB      		out 53-0x20,r24
 324 01fc 8091 0000 		lds r24,leds+32
 325 0200 88BB      		out 56-0x20,r24
 326               	.LM33:
 327 0202 80E8      		ldi r24,lo8(128)
 328 0204 90E0      		ldi r25,hi8(128)
 329 0206 17C0      		rjmp .L57
 330               	.L38:
 331               	.LM34:
 332 0208 8091 0000 		lds r24,leds+11
 333 020c 8BBB      		out 59-0x20,r24
 334 020e 8091 0000 		lds r24,leds+22
 335 0212 85BB      		out 53-0x20,r24
 336 0214 8091 0000 		lds r24,leds+33
 337 0218 88BB      		out 56-0x20,r24
 338               	.LM35:
 339 021a 80E0      		ldi r24,lo8(256)
 340 021c 91E0      		ldi r25,hi8(256)
 341 021e 0BC0      		rjmp .L57
 342               	.L39:
 343               	.LM36:
 344 0220 8091 0000 		lds r24,leds+12
 345 0224 8BBB      		out 59-0x20,r24
 346 0226 8091 0000 		lds r24,leds+23
 347 022a 85BB      		out 53-0x20,r24
 348 022c 8091 0000 		lds r24,leds+34
 349 0230 88BB      		out 56-0x20,r24
 350               	.LM37:
 351 0232 80E0      		ldi r24,lo8(512)
 352 0234 92E0      		ldi r25,hi8(512)
 353               	.L57:
 354 0236 9093 0000 		sts (ledtimer.1)+1,r25
 355 023a 8093 0000 		sts ledtimer.1,r24
 356               	.L3:
 357               	.LM38:
 358 023e 8091 0000 		lds r24,ledtimer.1
 359 0242 9091 0000 		lds r25,(ledtimer.1)+1
 360 0246 0197      		sbiw r24,1
 361 0248 9093 0000 		sts (ledtimer.1)+1,r25
 362 024c 8093 0000 		sts ledtimer.1,r24
 363               	.LM39:
 364 0250 8091 0000 		lds r24,leds_changed
 365 0254 8823      		tst r24
 366 0256 49F0      		breq .L43
 367 0258 81E2      		ldi r24,lo8(33)
 368 025a A0E0      		ldi r26,lo8(leds_copy)
 369 025c B0E0      		ldi r27,hi8(leds_copy)
 370 025e E0E0      		ldi r30,lo8(leds)
 371 0260 F0E0      		ldi r31,hi8(leds)
 372 0262 0D90      		ld __tmp_reg__,X+
 373 0264 0192      		st Z+,__tmp_reg__
 374 0266 8A95      		dec r24
 375 0268 E1F7      		brne .-8
 376               	.L43:
 377               	.LM40:
 378 026a 1092 0000 		sts leds_changed,__zero_reg__
 379               	/* epilogue: frame size=0 */
 380 026e FF91      		pop r31
 381 0270 EF91      		pop r30
 382 0272 BF91      		pop r27
 383 0274 AF91      		pop r26
 384 0276 9F91      		pop r25
 385 0278 8F91      		pop r24
 386 027a 3F91      		pop r19
 387 027c 2F91      		pop r18
 388 027e 0F90      		pop __tmp_reg__
 389 0280 0FBE      		out __SREG__,__tmp_reg__
 390 0282 0F90      		pop __tmp_reg__
 391 0284 1F90      		pop __zero_reg__
 392 0286 1895      		reti
 393               	/* epilogue end (size=13) */
 394               	/* function __vector_9 size 343 (317) */
 395               	.LFE7:
 397               		.comm timerticks,4,1
 398               		.comm idle_anim,4,1
 399               		.comm anim_leds,48,1
 400               		.comm anim_leds_dir,48,1
 401               	.Letext0:
DEFINED SYMBOLS
                            *ABS*:00000000 interrupts.c
C:\DOKUME~1\aw\LOKALE~1\Temp/ccQRaaaa.s:3      *ABS*:0000003f __SREG__
C:\DOKUME~1\aw\LOKALE~1\Temp/ccQRaaaa.s:4      *ABS*:0000003e __SP_H__
C:\DOKUME~1\aw\LOKALE~1\Temp/ccQRaaaa.s:5      *ABS*:0000003d __SP_L__
C:\DOKUME~1\aw\LOKALE~1\Temp/ccQRaaaa.s:6      *ABS*:00000000 __tmp_reg__
C:\DOKUME~1\aw\LOKALE~1\Temp/ccQRaaaa.s:7      *ABS*:00000001 __zero_reg__
C:\DOKUME~1\aw\LOKALE~1\Temp/ccQRaaaa.s:23     .bss:00000000 errflag
C:\DOKUME~1\aw\LOKALE~1\Temp/ccQRaaaa.s:29     .data:00000000 old_encoder_value
C:\DOKUME~1\aw\LOKALE~1\Temp/ccQRaaaa.s:36     .bss:00000001 encoder_value
C:\DOKUME~1\aw\LOKALE~1\Temp/ccQRaaaa.s:41     .text:00000000 InitTimer
                             .bss:00000003 ledbit.0
C:\DOKUME~1\aw\LOKALE~1\Temp/ccQRaaaa.s:57     .bss:00000005 ledtimer.1
C:\DOKUME~1\aw\LOKALE~1\Temp/ccQRaaaa.s:61     .text:00000008 __vector_9
                            *COM*:00000004 timerticks
                            *COM*:00000004 idle_anim
                            *COM*:00000030 anim_leds
                            *COM*:00000030 anim_leds_dir

UNDEFINED SYMBOLS
__do_copy_data
__do_clear_bss
leds
leds_changed
leds_copy
