   1               		.file	"leds.c"
   2               		.arch atmega16
   3               	__SREG__ = 0x3f
   4               	__SP_H__ = 0x3e
   5               	__SP_L__ = 0x3d
   6               	__tmp_reg__ = 0
   7               	__zero_reg__ = 1
   8               		.global __do_copy_data
   9               		.global __do_clear_bss
  17               	.Ltext0:
  18               	.global	SetLed
  20               	SetLed:
  21               	.LFB2:
  22               	.LM1:
  23               	/* prologue: frame size=0 */
  24 0000 CF93      		push r28
  25 0002 DF93      		push r29
  26               	/* prologue end (size=2) */
  27 0004 982F      		mov r25,r24
  28               	.L2:
  29               	.LM2:
  30 0006 8091 0000 		lds r24,leds_changed
  31 000a 8130      		cpi r24,lo8(1)
  32 000c E1F3      		breq .L2
  33               	.LM3:
  34 000e 6132      		cpi r22,33
  35 0010 7105      		cpc r23,__zero_reg__
  36 0012 68F0      		brlo .L5
  37 0014 669F      		mul r22,r22
  38 0016 9001      		movw r18,r0
  39 0018 679F      		mul r22,r23
  40 001a 300D      		add r19,r0
  41 001c 769F      		mul r23,r22
  42 001e 300D      		add r19,r0
  43 0020 1124      		clr r1
  44 0022 B901      		movw r22,r18
  45 0024 85E0      		ldi r24,5
  46 0026 7695      	1:	lsr r23
  47 0028 6795      		ror r22
  48 002a 8A95      		dec r24
  49 002c E1F7      		brne 1b
  50               	.L5:
  51               	.LM4:
  52 002e 38E0      		ldi r19,hi8(2048)
  53 0030 6030      		cpi r22,lo8(2048)
  54 0032 7307      		cpc r23,r19
  55 0034 10F0      		brlo .L6
  56 0036 6FEF      		ldi r22,lo8(2047)
  57 0038 77E0      		ldi r23,hi8(2047)
  58               	.L6:
  59               	.LM5:
  60 003a 892F      		mov r24,r25
  61 003c 8695      		lsr r24
  62 003e 8695      		lsr r24
  63 0040 8695      		lsr r24
  64 0042 C1E0      		ldi r28,lo8(1)
  65 0044 D0E0      		ldi r29,hi8(1)
  66 0046 282F      		mov r18,r24
  67 0048 3327      		clr r19
  68 004a 9770      		andi r25,lo8(7)
  69 004c AE01      		movw r20,r28
  70 004e 02C0      		rjmp 2f
  71 0050 440F      	1:	lsl r20
  72 0052 551F      		rol r21
  73 0054 9A95      	2:	dec r25
  74 0056 E2F7      		brpl 1b
  75 0058 B42F      		mov r27,r20
  76 005a B095      		com r27
  77 005c 8BE0      		ldi r24,lo8(11)
  78 005e 90E0      		ldi r25,hi8(11)
  79 0060 289F      		mul r18,r24
  80 0062 F001      		movw r30,r0
  81 0064 299F      		mul r18,r25
  82 0066 F00D      		add r31,r0
  83 0068 389F      		mul r19,r24
  84 006a F00D      		add r31,r0
  85 006c 1124      		clr r1
  86 006e E050      		subi r30,lo8(-(leds_copy))
  87 0070 F040      		sbci r31,hi8(-(leds_copy))
  88 0072 20E0      		ldi r18,lo8(0)
  89 0074 30E0      		ldi r19,hi8(0)
  90 0076 AAE0      		ldi r26,lo8(10)
  91               	.L12:
  92               	.LBB2:
  93               	.LM6:
  94 0078 CE01      		movw r24,r28
  95 007a 022E      		mov r0,r18
  96 007c 02C0      		rjmp 2f
  97 007e 880F      	1:	lsl r24
  98 0080 991F      		rol r25
  99 0082 0A94      	2:	dec r0
 100 0084 E2F7      		brpl 1b
 101 0086 8623      		and r24,r22
 102 0088 9723      		and r25,r23
 103 008a 892B      		or r24,r25
 104 008c 19F0      		breq .L10
 105               	.LM7:
 106 008e 8081      		ld r24,Z
 107 0090 842B      		or r24,r20
 108 0092 02C0      		rjmp .L15
 109               	.L10:
 110               	.LM8:
 111 0094 8081      		ld r24,Z
 112 0096 8B23      		and r24,r27
 113               	.L15:
 114 0098 8083      		st Z,r24
 115               	.LM9:
 116 009a A150      		subi r26,lo8(-(-1))
 117 009c 2F5F      		subi r18,lo8(-(1))
 118 009e 3F4F      		sbci r19,hi8(-(1))
 119 00a0 3196      		adiw r30,1
 120 00a2 A7FF      		sbrs r26,7
 121 00a4 E9CF      		rjmp .L12
 122               	.LBE2:
 123               	.LM10:
 124 00a6 81E0      		ldi r24,lo8(1)
 125 00a8 8093 0000 		sts leds_changed,r24
 126               	/* epilogue: frame size=0 */
 127 00ac DF91      		pop r29
 128 00ae CF91      		pop r28
 129 00b0 0895      		ret
 130               	/* epilogue end (size=3) */
 131               	/* function SetLed size 90 (85) */
 132               	.LFE2:
 134               		.comm leds,33,1
 135               		.comm leds_copy,33,1
 136               		.comm leds_changed,1,1
 137               		.comm idle_anim,4,1
 138               		.comm anim_leds,48,1
 139               		.comm anim_leds_dir,48,1
 140               	.Letext0:
DEFINED SYMBOLS
                            *ABS*:00000000 leds.c
C:\DOKUME~1\aw\LOKALE~1\Temp/ccARaaaa.s:3      *ABS*:0000003f __SREG__
C:\DOKUME~1\aw\LOKALE~1\Temp/ccARaaaa.s:4      *ABS*:0000003e __SP_H__
C:\DOKUME~1\aw\LOKALE~1\Temp/ccARaaaa.s:5      *ABS*:0000003d __SP_L__
C:\DOKUME~1\aw\LOKALE~1\Temp/ccARaaaa.s:6      *ABS*:00000000 __tmp_reg__
C:\DOKUME~1\aw\LOKALE~1\Temp/ccARaaaa.s:7      *ABS*:00000001 __zero_reg__
C:\DOKUME~1\aw\LOKALE~1\Temp/ccARaaaa.s:20     .text:00000000 SetLed
                            *COM*:00000001 leds_changed
                            *COM*:00000021 leds_copy
                            *COM*:00000021 leds
                            *COM*:00000004 idle_anim
                            *COM*:00000030 anim_leds
                            *COM*:00000030 anim_leds_dir

UNDEFINED SYMBOLS
__do_copy_data
__do_clear_bss
